#
# There is insufficient memory for the Java Runtime Environment to continue.
# Native memory allocation (malloc) failed to allocate 137296 bytes for Chunk::new
# Possible reasons:
#   The system is out of physical RAM or swap space
#   The process is running with CompressedOops enabled, and the Java Heap may be blocking the growth of the native heap
# Possible solutions:
#   Reduce memory load on the system
#   Increase physical memory or swap space
#   Check if swap backing store is full
#   Decrease Java heap size (-Xmx/-Xms)
#   Decrease number of Java threads
#   Decrease Java thread stack sizes (-Xss)
#   Set larger code cache with -XX:ReservedCodeCacheSize=
#   JVM is running with Unscaled Compressed Oops mode in which the Java heap is
#     placed in the first 4GB address space. The Java Heap base address is the
#     maximum limit for the native heap growth. Please use -XX:HeapBaseMinAddress
#     to set the Java Heap base and to place the Java Heap above 4GB virtual address.
# This output file may be truncated or incomplete.
#
#  Out of Memory Error (./src/hotspot/share/memory/arena.cpp:197), pid=7972, tid=11220
#
# JRE version: OpenJDK Runtime Environment (11.0.13) (build 11.0.13+0-b1751.21-8125866)
# Java VM: OpenJDK 64-Bit Server VM (11.0.13+0-b1751.21-8125866, mixed mode, tiered, compressed oops, g1 gc, windows-amd64)
# No core dump will be written. Minidumps are not enabled by default on client versions of Windows
#

---------------  S U M M A R Y ------------

Command Line: --add-opens=java.base/java.util=ALL-UNNAMED --add-opens=java.base/java.lang=ALL-UNNAMED --add-opens=java.base/java.lang.invoke=ALL-UNNAMED --add-opens=java.base/java.util=ALL-UNNAMED --add-opens=java.prefs/java.util.prefs=ALL-UNNAMED --add-opens=java.prefs/java.util.prefs=ALL-UNNAMED --add-opens=java.base/java.nio.charset=ALL-UNNAMED --add-opens=java.base/java.net=ALL-UNNAMED --add-opens=java.base/java.util.concurrent.atomic=ALL-UNNAMED -Xmx2048m -Dfile.encoding=UTF-8 -Duser.country=RU -Duser.language=ru -Duser.variant org.gradle.launcher.daemon.bootstrap.GradleDaemon 7.4

Host: Intel(R) Core(TM) i5-2400 CPU @ 3.10GHz, 4 cores, 3G,  Windows 10 , 64 bit Build 19041 (10.0.19041.1706)
Time: Mon May 30 12:24:22 2022 RTZ 2 (зима) elapsed time: 121.371645 seconds (0d 0h 2m 1s)

---------------  T H R E A D  ---------------

Current thread (0x0000020796553800):  JavaThread "C2 CompilerThread0" daemon [_thread_in_native, id=11220, stack(0x00000035ce900000,0x00000035cea00000)]


Current CompileTask:
C2: 121401 4119   !   4       org.gradle.launcher.daemon.server.exec.DaemonConnectionBackedEventConsumer$ForwardEvents::getNextEvent (27 bytes)

Stack: [0x00000035ce900000,0x00000035cea00000]
Native frames: (J=compiled Java code, j=interpreted, Vv=VM code, C=native code)
V  [jvm.dll+0x6100fa]
V  [jvm.dll+0x747090]
V  [jvm.dll+0x7486ad]
V  [jvm.dll+0x748d83]
V  [jvm.dll+0x24ab48]
V  [jvm.dll+0xc04dc]
V  [jvm.dll+0xc0a0c]
V  [jvm.dll+0x2bfab4]
V  [jvm.dll+0x524238]
V  [jvm.dll+0x204802]
V  [jvm.dll+0x2023c2]
V  [jvm.dll+0x188e01]
V  [jvm.dll+0x21106b]
V  [jvm.dll+0x20f8c1]
V  [jvm.dll+0x70de0f]
V  [jvm.dll+0x706a75]
V  [jvm.dll+0x60ed66]
C  [ucrtbase.dll+0x21bb2]
C  [KERNEL32.DLL+0x17034]
C  [ntdll.dll+0x52651]


---------------  P R O C E S S  ---------------

Threads class SMR info:
_java_thread_list=0x0000020799726e70, length=35, elements={
0x00000207fc0eb000, 0x00000207964e9000, 0x00000207964f2800, 0x0000020796509800,
0x000002079650b000, 0x000002079650c000, 0x0000020796553800, 0x000002079655a000,
0x0000020796e88800, 0x0000020796ff5000, 0x0000020799026800, 0x0000020798e86800,
0x00000207971bc000, 0x0000020798191800, 0x0000020799560800, 0x0000020798fd4800,
0x00000207971fe000, 0x00000207971ff000, 0x0000020796f9b800, 0x0000020797cc1800,
0x0000020797cbe800, 0x0000020797cc2800, 0x0000020797cc3000, 0x0000020797cc4000,
0x0000020797cc0800, 0x0000020797cc0000, 0x0000020797cc5000, 0x0000020797cbf000,
0x00000207972ed000, 0x00000207972ee000, 0x00000207972ef800, 0x00000207972f0000,
0x00000207972eb800, 0x00000207972ee800, 0x00000207972ea800
}

Java Threads: ( => current thread )
  0x00000207fc0eb000 JavaThread "main" [_thread_blocked, id=3752, stack(0x00000035cdd00000,0x00000035cde00000)]
  0x00000207964e9000 JavaThread "Reference Handler" daemon [_thread_blocked, id=5812, stack(0x00000035ce400000,0x00000035ce500000)]
  0x00000207964f2800 JavaThread "Finalizer" daemon [_thread_blocked, id=7032, stack(0x00000035ce500000,0x00000035ce600000)]
  0x0000020796509800 JavaThread "Signal Dispatcher" daemon [_thread_blocked, id=10244, stack(0x00000035ce600000,0x00000035ce700000)]
  0x000002079650b000 JavaThread "Attach Listener" daemon [_thread_blocked, id=10828, stack(0x00000035ce700000,0x00000035ce800000)]
  0x000002079650c000 JavaThread "Service Thread" daemon [_thread_blocked, id=8160, stack(0x00000035ce800000,0x00000035ce900000)]
=>0x0000020796553800 JavaThread "C2 CompilerThread0" daemon [_thread_in_native, id=11220, stack(0x00000035ce900000,0x00000035cea00000)]
  0x000002079655a000 JavaThread "C1 CompilerThread0" daemon [_thread_blocked, id=1976, stack(0x00000035cea00000,0x00000035ceb00000)]
  0x0000020796e88800 JavaThread "Sweeper thread" daemon [_thread_blocked, id=4808, stack(0x00000035ceb00000,0x00000035cec00000)]
  0x0000020796ff5000 JavaThread "Common-Cleaner" daemon [_thread_blocked, id=10564, stack(0x00000035cec00000,0x00000035ced00000)]
  0x0000020799026800 JavaThread "Daemon health stats" [_thread_blocked, id=4956, stack(0x00000035cef00000,0x00000035cf000000)]
  0x0000020798e86800 JavaThread "Incoming local TCP Connector on port 54703" [_thread_in_native, id=7444, stack(0x00000035cf000000,0x00000035cf100000)]
  0x00000207971bc000 JavaThread "Daemon periodic checks" [_thread_blocked, id=10384, stack(0x00000035cf100000,0x00000035cf200000)]
  0x0000020798191800 JavaThread "Daemon" [_thread_blocked, id=4636, stack(0x00000035cf200000,0x00000035cf300000)]
  0x0000020799560800 JavaThread "Handler for socket connection from /127.0.0.1:54703 to /127.0.0.1:54704" [_thread_in_native, id=7560, stack(0x00000035cf300000,0x00000035cf400000)]
  0x0000020798fd4800 JavaThread "Cancel handler" [_thread_blocked, id=6988, stack(0x00000035cf400000,0x00000035cf500000)]
  0x00000207971fe000 JavaThread "Daemon worker" [_thread_in_native, id=7128, stack(0x00000035cf500000,0x00000035cf600000)]
  0x00000207971ff000 JavaThread "Asynchronous log dispatcher for DefaultDaemonConnection: socket connection from /127.0.0.1:54703 to /127.0.0.1:54704" [_thread_blocked, id=10704, stack(0x00000035cf600000,0x00000035cf700000)]
  0x0000020796f9b800 JavaThread "Daemon client event forwarder" [_thread_blocked, id=6360, stack(0x00000035cf800000,0x00000035cf900000)]
  0x0000020797cc1800 JavaThread "Cache worker for journal cache (C:\Users\Ermishov\.gradle\caches\journal-1)" [_thread_blocked, id=7312, stack(0x00000035cfb00000,0x00000035cfc00000)]
  0x0000020797cbe800 JavaThread "File lock request listener" [_thread_in_native, id=7316, stack(0x00000035cfc00000,0x00000035cfd00000)]
  0x0000020797cc2800 JavaThread "Cache worker for file hash cache (C:\Users\Ermishov\.gradle\caches\7.4\fileHashes)" [_thread_blocked, id=9344, stack(0x00000035cfd00000,0x00000035cfe00000)]
  0x0000020797cc3000 JavaThread "File watcher server" daemon [_thread_in_native, id=7200, stack(0x00000035cfe00000,0x00000035cff00000)]
  0x0000020797cc4000 JavaThread "File watcher consumer" daemon [_thread_blocked, id=2844, stack(0x00000035cff00000,0x00000035d0000000)]
  0x0000020797cc0800 JavaThread "Cache worker for checksums cache (C:\Users\Ermishov\Documents\AndroidStudioProjects\MyApplication\.gradle\7.4\checksums)" [_thread_blocked, id=9132, stack(0x00000035d0000000,0x00000035d0100000)]
  0x0000020797cc0000 JavaThread "Cache worker for cache directory md-rule (C:\Users\Ermishov\.gradle\caches\7.4\md-rule)" [_thread_blocked, id=4124, stack(0x00000035d0100000,0x00000035d0200000)]
  0x0000020797cc5000 JavaThread "Cache worker for file hash cache (C:\Users\Ermishov\Documents\AndroidStudioProjects\MyApplication\.gradle\7.4\fileHashes)" [_thread_blocked, id=7900, stack(0x00000035d0200000,0x00000035d0300000)]
  0x0000020797cbf000 JavaThread "Cache worker for cache directory md-supplier (C:\Users\Ermishov\.gradle\caches\7.4\md-supplier)" [_thread_blocked, id=1304, stack(0x00000035d0300000,0x00000035d0400000)]
  0x00000207972ed000 JavaThread "Cache worker for execution history cache (C:\Users\Ermishov\.gradle\caches\7.4\executionHistory)" [_thread_blocked, id=6820, stack(0x00000035d0400000,0x00000035d0500000)]
  0x00000207972ee000 JavaThread "jar transforms" [_thread_blocked, id=1064, stack(0x00000035d0500000,0x00000035d0600000)]
  0x00000207972ef800 JavaThread "Cache worker for file content cache (C:\Users\Ermishov\.gradle\caches\7.4\fileContent)" [_thread_blocked, id=9524, stack(0x00000035d0800000,0x00000035d0900000)]
  0x00000207972f0000 JavaThread "jar transforms Thread 2" [_thread_blocked, id=1800, stack(0x00000035d0900000,0x00000035d0a00000)]
  0x00000207972eb800 JavaThread "Cache worker for dependencies-accessors (C:\Users\Ermishov\Documents\AndroidStudioProjects\MyApplication\.gradle\7.4\dependencies-accessors)" [_thread_blocked, id=1072, stack(0x00000035d0a00000,0x00000035d0b00000)]
  0x00000207972ee800 JavaThread "jar transforms Thread 3" [_thread_blocked, id=7760, stack(0x00000035d0b00000,0x00000035d0c00000)]
  0x00000207972ea800 JavaThread "Cache worker for Build Output Cleanup Cache (C:\Users\Ermishov\Documents\AndroidStudioProjects\MyApplication\.gradle\buildOutputCleanup)" [_thread_blocked, id=8756, stack(0x00000035cda00000,0x00000035cdb00000)]

Other Threads:
  0x00000207964e4800 VMThread "VM Thread" [stack: 0x00000035ce300000,0x00000035ce400000] [id=2564]
  0x0000020797003000 WatcherThread [stack: 0x00000035ced00000,0x00000035cee00000] [id=2272]
  0x00000207fc104000 GCTaskThread "GC Thread#0" [stack: 0x00000035cde00000,0x00000035cdf00000] [id=7824]
  0x00000207970e3000 GCTaskThread "GC Thread#1" [stack: 0x00000035cee00000,0x00000035cef00000] [id=8792]
  0x00000207979c5000 GCTaskThread "GC Thread#2" [stack: 0x00000035cf900000,0x00000035cfa00000] [id=9924]
  0x00000207979c6000 GCTaskThread "GC Thread#3" [stack: 0x00000035cfa00000,0x00000035cfb00000] [id=10884]
  0x00000207fc134800 ConcurrentGCThread "G1 Main Marker" [stack: 0x00000035cdf00000,0x00000035ce000000] [id=11016]
  0x00000207fc136000 ConcurrentGCThread "G1 Conc#0" [stack: 0x00000035ce000000,0x00000035ce100000] [id=10056]
  0x00000207fc191000 ConcurrentGCThread "G1 Refine#0" [stack: 0x00000035ce100000,0x00000035ce200000] [id=10208]
  0x00000207fc192000 ConcurrentGCThread "G1 Young RemSet Sampling" [stack: 0x00000035ce200000,0x00000035ce300000] [id=5452]

Threads with active compile tasks:
C2 CompilerThread0 130797 4119   !   4       org.gradle.launcher.daemon.server.exec.DaemonConnectionBackedEventConsumer$ForwardEvents::getNextEvent (27 bytes)

VM state:not at safepoint (normal execution)

VM Mutex/Monitor currently owned by a thread: None

Heap address: 0x0000000080000000, size: 2048 MB, Compressed Oops mode: 32-bit
Narrow klass base: 0x0000000000000000, Narrow klass shift: 3
Compressed class space size: 1073741824 Address: 0x0000000100000000

Heap:
 garbage-first heap   total 65536K, used 44498K [0x0000000080000000, 0x0000000100000000)
  region size 1024K, 17 young (17408K), 3 survivors (3072K)
 Metaspace       used 47625K, capacity 48928K, committed 49104K, reserved 1091584K
  class space    used 6062K, capacity 6499K, committed 6528K, reserved 1048576K
Heap Regions: E=young(eden), S=young(survivor), O=old, HS=humongous(starts), HC=humongous(continues), CS=collection set, F=free, A=archive, TAMS=top-at-mark-start (previous, next)
|   0|0x0000000080000000, 0x0000000080100000, 0x0000000080100000|100%|HS|  |TAMS 0x0000000080100000, 0x0000000080000000| Complete 
|   1|0x0000000080100000, 0x0000000080200000, 0x0000000080200000|100%|HC|  |TAMS 0x0000000080200000, 0x0000000080100000| Complete 
|   2|0x0000000080200000, 0x0000000080300000, 0x0000000080300000|100%|HC|  |TAMS 0x0000000080300000, 0x0000000080200000| Complete 
|   3|0x0000000080300000, 0x0000000080400000, 0x0000000080400000|100%| O|  |TAMS 0x0000000080400000, 0x0000000080300000| Untracked 
|   4|0x0000000080400000, 0x0000000080500000, 0x0000000080500000|100%| O|  |TAMS 0x0000000080500000, 0x0000000080400000| Untracked 
|   5|0x0000000080500000, 0x0000000080600000, 0x0000000080600000|100%| O|  |TAMS 0x0000000080600000, 0x0000000080500000| Untracked 
|   6|0x0000000080600000, 0x0000000080700000, 0x0000000080700000|100%| O|  |TAMS 0x0000000080700000, 0x0000000080600000| Untracked 
|   7|0x0000000080700000, 0x0000000080800000, 0x0000000080800000|100%| O|  |TAMS 0x0000000080800000, 0x0000000080700000| Untracked 
|   8|0x0000000080800000, 0x0000000080900000, 0x0000000080900000|100%| O|  |TAMS 0x0000000080900000, 0x0000000080800000| Untracked 
|   9|0x0000000080900000, 0x0000000080a00000, 0x0000000080a00000|100%| O|  |TAMS 0x0000000080a00000, 0x0000000080900000| Untracked 
|  10|0x0000000080a00000, 0x0000000080b00000, 0x0000000080b00000|100%| O|  |TAMS 0x0000000080b00000, 0x0000000080a00000| Untracked 
|  11|0x0000000080b00000, 0x0000000080c00000, 0x0000000080c00000|100%| O|  |TAMS 0x0000000080c00000, 0x0000000080b00000| Untracked 
|  12|0x0000000080c00000, 0x0000000080d00000, 0x0000000080d00000|100%| O|  |TAMS 0x0000000080d00000, 0x0000000080c00000| Untracked 
|  13|0x0000000080d00000, 0x0000000080e00000, 0x0000000080e00000|100%| O|  |TAMS 0x0000000080e00000, 0x0000000080d00000| Untracked 
|  14|0x0000000080e00000, 0x0000000080f00000, 0x0000000080f00000|100%| O|  |TAMS 0x0000000080f00000, 0x0000000080e00000| Untracked 
|  15|0x0000000080f00000, 0x0000000081000000, 0x0000000081000000|100%| O|  |TAMS 0x0000000081000000, 0x0000000080f00000| Untracked 
|  16|0x0000000081000000, 0x0000000081100000, 0x0000000081100000|100%| O|  |TAMS 0x0000000081100000, 0x0000000081000000| Untracked 
|  17|0x0000000081100000, 0x0000000081200000, 0x0000000081200000|100%| O|  |TAMS 0x0000000081200000, 0x0000000081100000| Untracked 
|  18|0x0000000081200000, 0x0000000081300000, 0x0000000081300000|100%| O|  |TAMS 0x0000000081300000, 0x0000000081200000| Untracked 
|  19|0x0000000081300000, 0x0000000081400000, 0x0000000081400000|100%| O|  |TAMS 0x0000000081400000, 0x0000000081300000| Untracked 
|  20|0x0000000081400000, 0x0000000081500000, 0x0000000081500000|100%| O|  |TAMS 0x0000000081500000, 0x0000000081400000| Untracked 
|  21|0x0000000081500000, 0x0000000081600000, 0x0000000081600000|100%| O|  |TAMS 0x0000000081600000, 0x0000000081500000| Untracked 
|  22|0x0000000081600000, 0x0000000081700000, 0x0000000081700000|100%| O|  |TAMS 0x0000000081700000, 0x0000000081600000| Untracked 
|  23|0x0000000081700000, 0x0000000081700000, 0x0000000081800000|  0%| F|  |TAMS 0x0000000081700000, 0x0000000081700000| Untracked 
|  24|0x0000000081800000, 0x0000000081900000, 0x0000000081900000|100%| O|  |TAMS 0x0000000081900000, 0x0000000081800000| Untracked 
|  25|0x0000000081900000, 0x0000000081a00000, 0x0000000081a00000|100%| O|  |TAMS 0x0000000081a00000, 0x0000000081900000| Untracked 
|  26|0x0000000081a00000, 0x0000000081b00000, 0x0000000081b00000|100%| O|  |TAMS 0x0000000081b00000, 0x0000000081a00000| Untracked 
|  27|0x0000000081b00000, 0x0000000081b5fc00, 0x0000000081c00000| 37%| O|  |TAMS 0x0000000081b5fc00, 0x0000000081b00000| Untracked 
|  28|0x0000000081c00000, 0x0000000081c00000, 0x0000000081d00000|  0%| F|  |TAMS 0x0000000081c00000, 0x0000000081c00000| Untracked 
|  29|0x0000000081d00000, 0x0000000081d00000, 0x0000000081e00000|  0%| F|  |TAMS 0x0000000081d00000, 0x0000000081d00000| Untracked 
|  30|0x0000000081e00000, 0x0000000081e00000, 0x0000000081f00000|  0%| F|  |TAMS 0x0000000081e00000, 0x0000000081e00000| Untracked 
|  31|0x0000000081f00000, 0x0000000082000000, 0x0000000082000000|100%| O|  |TAMS 0x0000000082000000, 0x0000000081f00000| Untracked 
|  32|0x0000000082000000, 0x0000000082100000, 0x0000000082100000|100%| O|  |TAMS 0x0000000082100000, 0x0000000082000000| Untracked 
|  33|0x0000000082100000, 0x0000000082100000, 0x0000000082200000|  0%| F|  |TAMS 0x0000000082100000, 0x0000000082100000| Untracked 
|  34|0x0000000082200000, 0x0000000082200000, 0x0000000082300000|  0%| F|  |TAMS 0x0000000082200000, 0x0000000082200000| Untracked 
|  35|0x0000000082300000, 0x0000000082300000, 0x0000000082400000|  0%| F|  |TAMS 0x0000000082300000, 0x0000000082300000| Untracked 
|  36|0x0000000082400000, 0x0000000082400000, 0x0000000082500000|  0%| F|  |TAMS 0x0000000082400000, 0x0000000082400000| Untracked 
|  37|0x0000000082500000, 0x0000000082500000, 0x0000000082600000|  0%| F|  |TAMS 0x0000000082500000, 0x0000000082500000| Untracked 
|  38|0x0000000082600000, 0x0000000082614f90, 0x0000000082700000|  8%| S|CS|TAMS 0x0000000082600000, 0x0000000082600000| Complete 
|  39|0x0000000082700000, 0x0000000082800000, 0x0000000082800000|100%| S|CS|TAMS 0x0000000082700000, 0x0000000082700000| Complete 
|  40|0x0000000082800000, 0x0000000082800000, 0x0000000082900000|  0%| F|  |TAMS 0x0000000082800000, 0x0000000082800000| Untracked 
|  41|0x0000000082900000, 0x0000000082900000, 0x0000000082a00000|  0%| F|  |TAMS 0x0000000082900000, 0x0000000082900000| Untracked 
|  42|0x0000000082a00000, 0x0000000082b00000, 0x0000000082b00000|100%| S|CS|TAMS 0x0000000082a00000, 0x0000000082a00000| Complete 
|  43|0x0000000082b00000, 0x0000000082b00000, 0x0000000082c00000|  0%| F|  |TAMS 0x0000000082b00000, 0x0000000082b00000| Untracked 
|  44|0x0000000082c00000, 0x0000000082c00000, 0x0000000082d00000|  0%| F|  |TAMS 0x0000000082c00000, 0x0000000082c00000| Untracked 
|  45|0x0000000082d00000, 0x0000000082d00000, 0x0000000082e00000|  0%| F|  |TAMS 0x0000000082d00000, 0x0000000082d00000| Untracked 
|  46|0x0000000082e00000, 0x0000000082e00000, 0x0000000082f00000|  0%| F|  |TAMS 0x0000000082e00000, 0x0000000082e00000| Untracked 
|  47|0x0000000082f00000, 0x0000000082f00000, 0x0000000083000000|  0%| F|  |TAMS 0x0000000082f00000, 0x0000000082f00000| Untracked 
|  48|0x0000000083000000, 0x0000000083000000, 0x0000000083100000|  0%| F|  |TAMS 0x0000000083000000, 0x0000000083000000| Untracked 
|  49|0x0000000083100000, 0x0000000083100000, 0x0000000083200000|  0%| F|  |TAMS 0x0000000083100000, 0x0000000083100000| Untracked 
|  50|0x0000000083200000, 0x00000000832156c0, 0x0000000083300000|  8%| E|  |TAMS 0x0000000083200000, 0x0000000083200000| Complete 
|  51|0x0000000083300000, 0x0000000083400000, 0x0000000083400000|100%| E|CS|TAMS 0x0000000083300000, 0x0000000083300000| Complete 
|  52|0x0000000083400000, 0x0000000083500000, 0x0000000083500000|100%| E|CS|TAMS 0x0000000083400000, 0x0000000083400000| Complete 
|  53|0x0000000083500000, 0x0000000083600000, 0x0000000083600000|100%| E|CS|TAMS 0x0000000083500000, 0x0000000083500000| Complete 
|  54|0x0000000083600000, 0x0000000083700000, 0x0000000083700000|100%| E|CS|TAMS 0x0000000083600000, 0x0000000083600000| Complete 
|  55|0x0000000083700000, 0x0000000083800000, 0x0000000083800000|100%| E|CS|TAMS 0x0000000083700000, 0x0000000083700000| Complete 
|  56|0x0000000083800000, 0x0000000083900000, 0x0000000083900000|100%| E|CS|TAMS 0x0000000083800000, 0x0000000083800000| Complete 
|  57|0x0000000083900000, 0x0000000083a00000, 0x0000000083a00000|100%| E|CS|TAMS 0x0000000083900000, 0x0000000083900000| Complete 
|  58|0x0000000083a00000, 0x0000000083b00000, 0x0000000083b00000|100%| E|CS|TAMS 0x0000000083a00000, 0x0000000083a00000| Complete 
|  59|0x0000000083b00000, 0x0000000083c00000, 0x0000000083c00000|100%| E|CS|TAMS 0x0000000083b00000, 0x0000000083b00000| Complete 
|  60|0x0000000083c00000, 0x0000000083d00000, 0x0000000083d00000|100%| E|CS|TAMS 0x0000000083c00000, 0x0000000083c00000| Complete 
|  61|0x0000000083d00000, 0x0000000083e00000, 0x0000000083e00000|100%| E|CS|TAMS 0x0000000083d00000, 0x0000000083d00000| Complete 
|  62|0x0000000083e00000, 0x0000000083f00000, 0x0000000083f00000|100%| E|CS|TAMS 0x0000000083e00000, 0x0000000083e00000| Complete 
|  63|0x0000000083f00000, 0x0000000084000000, 0x0000000084000000|100%| E|CS|TAMS 0x0000000083f00000, 0x0000000083f00000| Complete 

Card table byte_map: [0x000002078f730000,0x000002078fb30000] _byte_map_base: 0x000002078f330000

Marking Bits (Prev, Next): (CMBitMap*) 0x00000207fc12be50, (CMBitMap*) 0x00000207fc12be18
 Prev Bits: [0x0000020791f30000, 0x0000020793f30000)
 Next Bits: [0x000002078ff30000, 0x0000020791f30000)

Polling page: 0x00000207fa7e0000

Metaspace:

Usage:
  Non-class:     41.43 MB capacity,    40.59 MB ( 98%) used,   743.42 KB (  2%) free+waste,   122.06 KB ( <1%) overhead. 
      Class:      6.35 MB capacity,     5.92 MB ( 93%) used,   377.80 KB (  6%) free+waste,    58.25 KB ( <1%) overhead. 
       Both:     47.78 MB capacity,    46.51 MB ( 97%) used,     1.09 MB (  2%) free+waste,   180.31 KB ( <1%) overhead. 

Virtual space:
  Non-class space:       42.00 MB reserved,      41.58 MB ( 99%) committed 
      Class space:        1.00 GB reserved,       6.38 MB ( <1%) committed 
             Both:        1.04 GB reserved,      47.95 MB (  4%) committed 

Chunk freelists:
   Non-Class:  19.00 KB
       Class:  29.00 KB
        Both:  48.00 KB

MaxMetaspaceSize: 17179869184.00 GB
CompressedClassSpaceSize: 1.00 GB
Initial GC threshold: 20.80 MB
Current GC threshold: 78.46 MB
CDS: off

CodeHeap 'non-profiled nmethods': size=120064Kb used=2485Kb max_used=2485Kb free=117579Kb
 bounds [0x0000020787ac0000, 0x0000020787d30000, 0x000002078f000000]
CodeHeap 'profiled nmethods': size=120000Kb used=8888Kb max_used=8888Kb free=111111Kb
 bounds [0x0000020780590000, 0x0000020780e40000, 0x0000020787ac0000]
CodeHeap 'non-nmethods': size=5696Kb used=2288Kb max_used=2326Kb free=3407Kb
 bounds [0x0000020780000000, 0x0000020780270000, 0x0000020780590000]
 total_blobs=4918 nmethods=4131 adapters=699
 compilation: enabled
              stopped_count=0, restarted_count=0
 full_count=0

Compilation events (20 events):
Event: 103.584 Thread 0x0000020796553800 nmethod 4112 0x0000020787d1fb10 code [0x0000020787d1fd00, 0x0000020787d20488]
Event: 105.559 Thread 0x0000020796553800 4113       4       java.util.stream.AbstractPipeline::sequential (10 bytes)
Event: 105.559 Thread 0x000002079655a000 4114       3       java.util.concurrent.ThreadPoolExecutor::workerCountOf (5 bytes)
Event: 105.559 Thread 0x000002079655a000 nmethod 4114 0x0000020780e38790 code [0x0000020780e38940, 0x0000020780e38a18]
Event: 105.560 Thread 0x0000020796553800 nmethod 4113 0x0000020787d20990 code [0x0000020787d20b20, 0x0000020787d20b98]
Event: 108.700 Thread 0x0000020796553800 4115       4       javax.management.ObjectName::construct (1135 bytes)
Event: 110.567 Thread 0x000002079655a000 4116       1       org.gradle.internal.concurrent.ManagedExecutorImpl::access$100 (5 bytes)
Event: 110.568 Thread 0x000002079655a000 nmethod 4116 0x0000020787d20c90 code [0x0000020787d20e40, 0x0000020787d20ed8]
Event: 111.207 Thread 0x0000020796553800 nmethod 4115 0x0000020787d20f90 code [0x0000020787d213c0, 0x0000020787d27b90]
Event: 114.945 Thread 0x000002079655a000 4117       1       org.gradle.cache.internal.filelock.LockOptionsBuilder::getMode (5 bytes)
Event: 114.945 Thread 0x000002079655a000 nmethod 4117 0x0000020787d2b310 code [0x0000020787d2b4c0, 0x0000020787d2b578]
Event: 114.982 Thread 0x0000020796553800 4118       4       java.util.concurrent.ConcurrentLinkedQueue::poll (84 bytes)
Event: 116.563 Thread 0x0000020796553800 nmethod 4118 0x0000020787d2b610 code [0x0000020787d2b7c0, 0x0000020787d2bce8]
Event: 117.397 Thread 0x0000020796553800 4119   !   4       org.gradle.launcher.daemon.server.exec.DaemonConnectionBackedEventConsumer$ForwardEvents::getNextEvent (27 bytes)
Event: 117.966 Thread 0x000002079655a000 4121       3       com.google.common.collect.Lists::newArrayListWithCapacity (16 bytes)
Event: 119.422 Thread 0x000002079655a000 nmethod 4121 0x0000020780e38a90 code [0x0000020780e38c60, 0x0000020780e38e18]
Event: 119.422 Thread 0x000002079655a000 4122       1       org.gradle.internal.component.external.model.DefaultModuleComponentIdentifier::getVersion (5 bytes)
Event: 119.422 Thread 0x000002079655a000 nmethod 4122 0x0000020787d2bf10 code [0x0000020787d2c0c0, 0x0000020787d2c178]
Event: 119.422 Thread 0x000002079655a000 4123       1       org.gradle.cache.internal.btree.FileBackedBlockStore::access$300 (5 bytes)
Event: 119.423 Thread 0x000002079655a000 nmethod 4123 0x0000020787d2c210 code [0x0000020787d2c3c0, 0x0000020787d2c458]

GC Heap History (20 events):
Event: 25.302 GC heap before
{Heap before GC invocations=7 (full 0):
 garbage-first heap   total 65536K, used 48080K [0x0000000080000000, 0x0000000100000000)
  region size 1024K, 32 young (32768K), 2 survivors (2048K)
 Metaspace       used 24013K, capacity 24615K, committed 24752K, reserved 1071104K
  class space    used 3034K, capacity 3255K, committed 3328K, reserved 1048576K
}
Event: 25.307 GC heap after
{Heap after GC invocations=8 (full 0):
 garbage-first heap   total 65536K, used 18394K [0x0000000080000000, 0x0000000100000000)
  region size 1024K, 3 young (3072K), 3 survivors (3072K)
 Metaspace       used 24013K, capacity 24615K, committed 24752K, reserved 1071104K
  class space    used 3034K, capacity 3255K, committed 3328K, reserved 1048576K
}
Event: 28.688 GC heap before
{Heap before GC invocations=8 (full 0):
 garbage-first heap   total 65536K, used 49114K [0x0000000080000000, 0x0000000100000000)
  region size 1024K, 33 young (33792K), 3 survivors (3072K)
 Metaspace       used 27019K, capacity 27684K, committed 27696K, reserved 1073152K
  class space    used 3499K, capacity 3708K, committed 3712K, reserved 1048576K
}
Event: 28.694 GC heap after
{Heap after GC invocations=9 (full 0):
 garbage-first heap   total 65536K, used 19452K [0x0000000080000000, 0x0000000100000000)
  region size 1024K, 4 young (4096K), 4 survivors (4096K)
 Metaspace       used 27019K, capacity 27684K, committed 27696K, reserved 1073152K
  class space    used 3499K, capacity 3708K, committed 3712K, reserved 1048576K
}
Event: 31.996 GC heap before
{Heap before GC invocations=9 (full 0):
 garbage-first heap   total 65536K, used 50172K [0x0000000080000000, 0x0000000100000000)
  region size 1024K, 34 young (34816K), 4 survivors (4096K)
 Metaspace       used 29623K, capacity 30364K, committed 30512K, reserved 1075200K
  class space    used 3911K, capacity 4177K, committed 4224K, reserved 1048576K
}
Event: 32.004 GC heap after
{Heap after GC invocations=10 (full 0):
 garbage-first heap   total 65536K, used 20425K [0x0000000080000000, 0x0000000100000000)
  region size 1024K, 4 young (4096K), 4 survivors (4096K)
 Metaspace       used 29623K, capacity 30364K, committed 30512K, reserved 1075200K
  class space    used 3911K, capacity 4177K, committed 4224K, reserved 1048576K
}
Event: 37.019 GC heap before
{Heap before GC invocations=10 (full 0):
 garbage-first heap   total 65536K, used 42953K [0x0000000080000000, 0x0000000100000000)
  region size 1024K, 27 young (27648K), 4 survivors (4096K)
 Metaspace       used 35067K, capacity 35773K, committed 35920K, reserved 1081344K
  class space    used 4501K, capacity 4790K, committed 4864K, reserved 1048576K
}
Event: 37.027 GC heap after
{Heap after GC invocations=11 (full 0):
 garbage-first heap   total 65536K, used 22676K [0x0000000080000000, 0x0000000100000000)
  region size 1024K, 5 young (5120K), 5 survivors (5120K)
 Metaspace       used 35067K, capacity 35773K, committed 35920K, reserved 1081344K
  class space    used 4501K, capacity 4790K, committed 4864K, reserved 1048576K
}
Event: 38.202 GC heap before
{Heap before GC invocations=12 (full 0):
 garbage-first heap   total 65536K, used 50324K [0x0000000080000000, 0x0000000100000000)
  region size 1024K, 33 young (33792K), 5 survivors (5120K)
 Metaspace       used 37122K, capacity 37909K, committed 38224K, reserved 1083392K
  class space    used 4720K, capacity 5029K, committed 5120K, reserved 1048576K
}
Event: 38.211 GC heap after
{Heap after GC invocations=13 (full 0):
 garbage-first heap   total 65536K, used 26071K [0x0000000080000000, 0x0000000100000000)
  region size 1024K, 5 young (5120K), 5 survivors (5120K)
 Metaspace       used 37122K, capacity 37909K, committed 38224K, reserved 1083392K
  class space    used 4720K, capacity 5029K, committed 5120K, reserved 1048576K
}
Event: 43.505 GC heap before
{Heap before GC invocations=13 (full 0):
 garbage-first heap   total 65536K, used 53719K [0x0000000080000000, 0x0000000100000000)
  region size 1024K, 30 young (30720K), 5 survivors (5120K)
 Metaspace       used 39373K, capacity 40251K, committed 40528K, reserved 1085440K
  class space    used 4962K, capacity 5295K, committed 5376K, reserved 1048576K
}
Event: 43.513 GC heap after
{Heap after GC invocations=14 (full 0):
 garbage-first heap   total 65536K, used 27679K [0x0000000080000000, 0x0000000100000000)
  region size 1024K, 3 young (3072K), 3 survivors (3072K)
 Metaspace       used 39373K, capacity 40251K, committed 40528K, reserved 1085440K
  class space    used 4962K, capacity 5295K, committed 5376K, reserved 1048576K
}
Event: 44.821 GC heap before
{Heap before GC invocations=14 (full 0):
 garbage-first heap   total 65536K, used 51231K [0x0000000080000000, 0x0000000100000000)
  region size 1024K, 26 young (26624K), 3 survivors (3072K)
 Metaspace       used 40917K, capacity 41954K, committed 42064K, reserved 1085440K
  class space    used 5164K, capacity 5523K, committed 5632K, reserved 1048576K
}
Event: 44.825 GC heap after
{Heap after GC invocations=15 (full 0):
 garbage-first heap   total 65536K, used 29103K [0x0000000080000000, 0x0000000100000000)
  region size 1024K, 4 young (4096K), 4 survivors (4096K)
 Metaspace       used 40917K, capacity 41954K, committed 42064K, reserved 1085440K
  class space    used 5164K, capacity 5523K, committed 5632K, reserved 1048576K
}
Event: 48.235 GC heap before
{Heap before GC invocations=15 (full 0):
 garbage-first heap   total 65536K, used 51631K [0x0000000080000000, 0x0000000100000000)
  region size 1024K, 27 young (27648K), 4 survivors (4096K)
 Metaspace       used 43127K, capacity 44155K, committed 44368K, reserved 1087488K
  class space    used 5493K, capacity 5844K, committed 5888K, reserved 1048576K
}
Event: 48.244 GC heap after
{Heap after GC invocations=16 (full 0):
 garbage-first heap   total 65536K, used 30141K [0x0000000080000000, 0x0000000100000000)
  region size 1024K, 3 young (3072K), 3 survivors (3072K)
 Metaspace       used 43127K, capacity 44155K, committed 44368K, reserved 1087488K
  class space    used 5493K, capacity 5844K, committed 5888K, reserved 1048576K
}
Event: 52.367 GC heap before
{Heap before GC invocations=16 (full 0):
 garbage-first heap   total 65536K, used 53693K [0x0000000080000000, 0x0000000100000000)
  region size 1024K, 25 young (25600K), 3 survivors (3072K)
 Metaspace       used 45191K, capacity 46336K, committed 46416K, reserved 1089536K
  class space    used 5733K, capacity 6143K, committed 6144K, reserved 1048576K
}
Event: 52.375 GC heap after
{Heap after GC invocations=17 (full 0):
 garbage-first heap   total 65536K, used 30922K [0x0000000080000000, 0x0000000100000000)
  region size 1024K, 2 young (2048K), 2 survivors (2048K)
 Metaspace       used 45191K, capacity 46336K, committed 46416K, reserved 1089536K
  class space    used 5733K, capacity 6143K, committed 6144K, reserved 1048576K
}
Event: 58.127 GC heap before
{Heap before GC invocations=17 (full 0):
 garbage-first heap   total 65536K, used 52426K [0x0000000080000000, 0x0000000100000000)
  region size 1024K, 23 young (23552K), 2 survivors (2048K)
 Metaspace       used 46794K, capacity 47991K, committed 48208K, reserved 1091584K
  class space    used 5939K, capacity 6354K, committed 6400K, reserved 1048576K
}
Event: 58.133 GC heap after
{Heap after GC invocations=18 (full 0):
 garbage-first heap   total 65536K, used 31186K [0x0000000080000000, 0x0000000100000000)
  region size 1024K, 3 young (3072K), 3 survivors (3072K)
 Metaspace       used 46794K, capacity 47991K, committed 48208K, reserved 1091584K
  class space    used 5939K, capacity 6354K, committed 6400K, reserved 1048576K
}

Deoptimization events (20 events):
Event: 46.454 Thread 0x00000207971fe000 DEOPT PACKING pc=0x0000020787ca0108 sp=0x00000035cf5f91e0
Event: 46.454 Thread 0x00000207971fe000 DEOPT UNPACKING pc=0x000002078004a1af sp=0x00000035cf5f9178 mode 2
Event: 46.601 Thread 0x00000207971fe000 DEOPT PACKING pc=0x0000020780b9c1f9 sp=0x00000035cf5f9330
Event: 46.601 Thread 0x00000207971fe000 DEOPT UNPACKING pc=0x000002078004a95e sp=0x00000035cf5f8878 mode 0
Event: 46.604 Thread 0x00000207971fe000 Uncommon trap: trap_request=0xffffff4d fr.pc=0x0000020787c1a8a4 relative=0x0000000000001a24
Event: 46.604 Thread 0x00000207971fe000 Uncommon trap: reason=unstable_if action=reinterpret pc=0x0000020787c1a8a4 method=java.util.concurrent.ConcurrentHashMap.computeIfAbsent(Ljava/lang/Object;Ljava/util/function/Function;)Ljava/lang/Object; @ 123 c2
Event: 46.604 Thread 0x00000207971fe000 DEOPT PACKING pc=0x0000020787c1a8a4 sp=0x00000035cf5fa630
Event: 46.604 Thread 0x00000207971fe000 DEOPT UNPACKING pc=0x000002078004a1af sp=0x00000035cf5fa5d0 mode 2
Event: 49.250 Thread 0x00000207971fe000 Uncommon trap: trap_request=0xffffffc6 fr.pc=0x0000020787bdd018 relative=0x0000000000000238
Event: 49.250 Thread 0x00000207971fe000 Uncommon trap: reason=bimorphic_or_optimized_type_check action=maybe_recompile pc=0x0000020787bdd018 method=com.google.common.base.CharMatcher.indexIn(Ljava/lang/CharSequence;I)I @ 31 c2
Event: 49.250 Thread 0x00000207971fe000 DEOPT PACKING pc=0x0000020787bdd018 sp=0x00000035cf5f81e0
Event: 49.250 Thread 0x00000207971fe000 DEOPT UNPACKING pc=0x000002078004a1af sp=0x00000035cf5f8188 mode 2
Event: 49.256 Thread 0x00000207971fe000 Uncommon trap: trap_request=0xffffffc6 fr.pc=0x0000020787bdd018 relative=0x0000000000000238
Event: 49.256 Thread 0x00000207971fe000 Uncommon trap: reason=bimorphic_or_optimized_type_check action=maybe_recompile pc=0x0000020787bdd018 method=com.google.common.base.CharMatcher.indexIn(Ljava/lang/CharSequence;I)I @ 31 c2
Event: 49.256 Thread 0x00000207971fe000 DEOPT PACKING pc=0x0000020787bdd018 sp=0x00000035cf5f81e0
Event: 49.256 Thread 0x00000207971fe000 DEOPT UNPACKING pc=0x000002078004a1af sp=0x00000035cf5f8188 mode 2
Event: 49.307 Thread 0x00000207971fe000 Uncommon trap: trap_request=0xffffffc6 fr.pc=0x0000020787bdd018 relative=0x0000000000000238
Event: 49.307 Thread 0x00000207971fe000 Uncommon trap: reason=bimorphic_or_optimized_type_check action=maybe_recompile pc=0x0000020787bdd018 method=com.google.common.base.CharMatcher.indexIn(Ljava/lang/CharSequence;I)I @ 31 c2
Event: 49.307 Thread 0x00000207971fe000 DEOPT PACKING pc=0x0000020787bdd018 sp=0x00000035cf5f9b30
Event: 49.307 Thread 0x00000207971fe000 DEOPT UNPACKING pc=0x000002078004a1af sp=0x00000035cf5f9ad8 mode 2

Classes redefined (0 events):
No events

Internal exceptions (20 events):
Event: 46.214 Thread 0x00000207971fe000 Implicit null exception at 0x0000020787b9f6f4 to 0x0000020787b9f904
Event: 46.214 Thread 0x00000207971fe000 Implicit null exception at 0x0000020787ae9f78 to 0x0000020787aea00a
Event: 49.209 Thread 0x00000207971fe000 Exception <a 'java/lang/ClassNotFoundException'{0x0000000083c1ec18}: build_a6w33mwm712tiw04bazyv49keBeanInfo> (0x0000000083c1ec18) thrown at [./src/hotspot/share/classfile/systemDictionary.cpp, line 231]
Event: 49.210 Thread 0x00000207971fe000 Exception <a 'java/lang/ClassNotFoundException'{0x0000000083c35fd0}: org/gradle/api/internal/project/ProjectScriptBeanInfo> (0x0000000083c35fd0) thrown at [./src/hotspot/share/classfile/systemDictionary.cpp, line 231]
Event: 49.211 Thread 0x00000207971fe000 Exception <a 'java/lang/ClassNotFoundException'{0x0000000083c4d800}: org/gradle/api/internal/project/ProjectScriptCustomizer> (0x0000000083c4d800) thrown at [./src/hotspot/share/classfile/systemDictionary.cpp, line 231]
Event: 49.214 Thread 0x00000207971fe000 Exception <a 'java/lang/ClassNotFoundException'{0x0000000083c696d0}: build_a6w33mwm712tiw04bazyv49keCustomizer> (0x0000000083c696d0) thrown at [./src/hotspot/share/classfile/systemDictionary.cpp, line 231]
Event: 49.246 Thread 0x00000207971fe000 Exception <a 'java/lang/ClassNotFoundException'{0x0000000083cfe6b8}: org/gradle/plugin/use/internal/PluginRequestCollector$PluginDependenciesSpecImplBeanInfo> (0x0000000083cfe6b8) thrown at [./src/hotspot/share/classfile/systemDictionary.cpp, line 231]
Event: 49.247 Thread 0x00000207971fe000 Exception <a 'java/lang/ClassNotFoundException'{0x0000000083b2e0d8}: org/gradle/plugin/use/internal/PluginRequestCollector$PluginDependenciesSpecImplCustomizer> (0x0000000083b2e0d8) thrown at [./src/hotspot/share/classfile/systemDictionary.cpp, line 231]
Event: 49.252 Thread 0x00000207971fe000 Exception <a 'java/lang/ClassNotFoundException'{0x0000000083b97ad0}: org/gradle/plugin/use/internal/PluginRequestCollector$PluginDependencySpecImplBeanInfo> (0x0000000083b97ad0) thrown at [./src/hotspot/share/classfile/systemDictionary.cpp, line 231]
Event: 49.253 Thread 0x00000207971fe000 Exception <a 'java/lang/ClassNotFoundException'{0x0000000083bc61d0}: org/gradle/plugin/use/internal/PluginRequestCollector$PluginDependencySpecImplCustomizer> (0x0000000083bc61d0) thrown at [./src/hotspot/share/classfile/systemDictionary.cpp, line 231]
Event: 53.577 Thread 0x00000207971fe000 Exception <a 'java/lang/NoSuchMethodError'{0x00000000837ae600}: 'int java.lang.invoke.DirectMethodHandle$Holder.invokeInterface(java.lang.Object, java.lang.Object)'> (0x00000000837ae600) thrown at [./src/hotspot/share/interpreter/linkResolver.cpp, line 773]
Event: 53.578 Thread 0x00000207971fe000 Exception <a 'java/lang/IncompatibleClassChangeError'{0x00000000837b20e0}: Found class java.lang.Object, but interface was expected> (0x00000000837b20e0) thrown at [./src/hotspot/share/interpreter/linkResolver.cpp, line 839]
Event: 55.504 Thread 0x00000207971fe000 Exception <a 'java/lang/NoSuchMethodError'{0x0000000082e6c5d8}: 'int java.lang.invoke.DirectMethodHandle$Holder.invokeStaticInit(java.lang.Object)'> (0x0000000082e6c5d8) thrown at [./src/hotspot/share/interpreter/linkResolver.cpp, line 773]
Event: 57.963 Thread 0x00000207971fe000 Exception <a 'java/lang/NoSuchMethodError'{0x0000000082b6ae30}: 'void java.lang.invoke.DirectMethodHandle$Holder.invokeStatic(java.lang.Object, java.lang.Object, java.lang.Object, int, java.lang.Object)'> (0x0000000082b6ae30) thrown at [./src/hotspot/share/interpreter/linkResolver.cpp, line 773]
Event: 67.754 Thread 0x00000207971fe000 Exception <a 'java/lang/NoSuchMethodError'{0x0000000083944ae0}: 'java.lang.Object java.lang.invoke.DelegatingMethodHandle$Holder.reinvoke_L(java.lang.Object, java.lang.Object, java.lang.Object, java.lang.Object, java.lang.Object, java.lang.Object, java.lang.Object, java.lang.Object, java.lang.Object, java.lang.Object, java.lang.Object, java.lang.Object, java.lang.Object, java.lang.Object, java.lang.Object, java.lang.Object, java.lang.Object, java.lang.Object, java.lang.Object, java.lang.Object, java.lang.O
Event: 67.755 Thread 0x00000207971fe000 Exception <a 'java/lang/NoSuchMethodError'{0x0000000083950740}: 'java.lang.Object java.lang.invoke.Invokers$Holder.invoker(java.lang.Object, java.lang.Object, java.lang.Object, java.lang.Object, java.lang.Object, java.lang.Object, java.lang.Object, java.lang.Object, java.lang.Object, java.lang.Object, java.lang.Object, java.lang.Object, java.lang.Object, java.lang.Object, java.lang.Object, java.lang.Object, java.lang.Object, java.lang.Object, java.lang.Object, java.lang.Object, java.lang.Object)'> (0x00000
Event: 67.756 Thread 0x00000207971fe000 Exception <a 'java/lang/NoSuchMethodError'{0x0000000083957ab0}: 'java.lang.Object java.lang.invoke.DelegatingMethodHandle$Holder.delegate(java.lang.Object, java.lang.Object, java.lang.Object, java.lang.Object, java.lang.Object, java.lang.Object, java.lang.Object, java.lang.Object, java.lang.Object, java.lang.Object, java.lang.Object, java.lang.Object, java.lang.Object, java.lang.Object, java.lang.Object, java.lang.Object, java.lang.Object, java.lang.Object, java.lang.Object, java.lang.Object, java.lang.Obj
Event: 68.314 Thread 0x00000207971fe000 Exception <a 'java/lang/NoSuchMethodError'{0x00000000839bdca0}: 'java.lang.Object java.lang.invoke.DirectMethodHandle$Holder.invokeStatic(java.lang.Object, java.lang.Object, java.lang.Object, java.lang.Object, java.lang.Object, java.lang.Object, java.lang.Object, java.lang.Object, java.lang.Object, java.lang.Object, java.lang.Object, java.lang.Object, java.lang.Object, java.lang.Object, java.lang.Object)'> (0x00000000839bdca0) thrown at [./src/hotspot/share/interpreter/linkResolver.cpp, line 773]
Event: 68.316 Thread 0x00000207971fe000 Exception <a 'java/lang/NoSuchMethodError'{0x00000000839ce2d8}: 'java.lang.Object java.lang.invoke.DirectMethodHandle$Holder.invokeStatic(java.lang.Object, java.lang.Object, java.lang.Object, java.lang.Object, java.lang.Object, java.lang.Object, java.lang.Object, java.lang.Object, java.lang.Object, java.lang.Object, java.lang.Object, java.lang.Object, java.lang.Object, java.lang.Object, java.lang.Object, java.lang.Object)'> (0x00000000839ce2d8) thrown at [./src/hotspot/share/interpreter/linkResolver.cpp, l
Event: 68.318 Thread 0x00000207971fe000 Exception <a 'java/lang/NoSuchMethodError'{0x00000000839de820}: 'java.lang.Object java.lang.invoke.DelegatingMethodHandle$Holder.reinvoke_L(java.lang.Object, java.lang.Object, java.lang.Object, java.lang.Object, java.lang.Object, java.lang.Object, java.lang.Object, java.lang.Object, java.lang.Object, java.lang.Object, java.lang.Object, java.lang.Object, java.lang.Object, java.lang.Object, java.lang.Object, java.lang.Object, java.lang.Object, java.lang.Object, java.lang.Object, java.lang.Object)'> (0x000000

Events (20 events):
Event: 70.365 loading class org/gradle/api/capabilities/Capability done
Event: 70.365 loading class org/gradle/internal/component/external/model/AbstractMutableModuleComponentResolveMetadata$FileImpl
Event: 70.365 loading class org/gradle/internal/component/external/model/AbstractMutableModuleComponentResolveMetadata$FileImpl done
Event: 70.366 loading class org/gradle/internal/component/external/model/ComponentVariant$File
Event: 70.366 loading class org/gradle/internal/component/external/model/ComponentVariant$File done
Event: 70.374 loading class org/gradle/internal/component/external/model/AbstractMutableModuleComponentResolveMetadata$ImmutableVariantImpl
Event: 70.374 loading class org/gradle/internal/component/external/model/AbstractMutableModuleComponentResolveMetadata$ImmutableVariantImpl done
Event: 70.375 loading class org/gradle/internal/component/external/model/ComponentVariant
Event: 70.375 loading class org/gradle/internal/component/external/model/ComponentVariant done
Event: 70.377 loading class org/gradle/internal/component/external/model/LazyVariantBackedConfigurationMetadata
Event: 70.377 loading class org/gradle/internal/component/external/model/LazyVariantBackedConfigurationMetadata done
Event: 70.378 loading class org/gradle/internal/component/external/model/AbstractVariantBackedConfigurationMetadata
Event: 70.378 loading class org/gradle/internal/component/external/model/AbstractVariantBackedConfigurationMetadata done
Event: 70.475 loading class org/gradle/internal/component/external/model/LazyVariantBackedConfigurationMetadata$RuleAwareVariant
Event: 70.475 loading class org/gradle/internal/component/external/model/LazyVariantBackedConfigurationMetadata$RuleAwareVariant done
Event: 70.475 loading class org/gradle/internal/component/external/model/GradleDependencyMetadata
Event: 70.475 loading class org/gradle/internal/component/external/model/GradleDependencyMetadata done
Event: 77.003 Executing VM operation: RevokeBias
Event: 77.004 Executing VM operation: RevokeBias done
Event: 77.004 Thread 0x0000020796f9b000 Thread exited: 0x0000020796f9b000


Dynamic libraries:
0x00007ff6e9390000 - 0x00007ff6e939a000 	C:\Users\Ermishov\Documents\android-studio\jre\bin\java.exe
0x00007ffb822f0000 - 0x00007ffb824e5000 	C:\Windows\SYSTEM32\ntdll.dll
0x00007ffb808e0000 - 0x00007ffb8099d000 	C:\Windows\System32\KERNEL32.DLL
0x00007ffb7ffc0000 - 0x00007ffb8028d000 	C:\Windows\System32\KERNELBASE.dll
0x00007ffb7fc70000 - 0x00007ffb7fd70000 	C:\Windows\System32\ucrtbase.dll
0x00007ffb67fc0000 - 0x00007ffb67fd7000 	C:\Users\Ermishov\Documents\android-studio\jre\bin\VCRUNTIME140.dll
0x00007ffb66800000 - 0x00007ffb66819000 	C:\Users\Ermishov\Documents\android-studio\jre\bin\jli.dll
0x00007ffb80480000 - 0x00007ffb80620000 	C:\Windows\System32\USER32.dll
0x00007ffb7fd70000 - 0x00007ffb7fd92000 	C:\Windows\System32\win32u.dll
0x00007ffb81260000 - 0x00007ffb8128a000 	C:\Windows\System32\GDI32.dll
0x00007ffb761b0000 - 0x00007ffb7644a000 	C:\Windows\WinSxS\amd64_microsoft.windows.common-controls_6595b64144ccf1df_6.0.19041.1110_none_60b5254171f9507e\COMCTL32.dll
0x00007ffb7fa00000 - 0x00007ffb7fb0b000 	C:\Windows\System32\gdi32full.dll
0x00007ffb82210000 - 0x00007ffb822ae000 	C:\Windows\System32\msvcrt.dll
0x00007ffb7fbd0000 - 0x00007ffb7fc6d000 	C:\Windows\System32\msvcp_win.dll
0x00007ffb81f80000 - 0x00007ffb81fb0000 	C:\Windows\System32\IMM32.DLL
0x00007ffb61eb0000 - 0x00007ffb61f4d000 	C:\Users\Ermishov\Documents\android-studio\jre\bin\msvcp140.dll
0x00007ffb3f0f0000 - 0x00007ffb3fbf2000 	C:\Users\Ermishov\Documents\android-studio\jre\bin\server\jvm.dll
0x00007ffb80620000 - 0x00007ffb806ce000 	C:\Windows\System32\ADVAPI32.dll
0x00007ffb82040000 - 0x00007ffb820dc000 	C:\Windows\System32\sechost.dll
0x00007ffb80340000 - 0x00007ffb80465000 	C:\Windows\System32\RPCRT4.dll
0x00007ffb81fb0000 - 0x00007ffb81fb8000 	C:\Windows\System32\PSAPI.DLL
0x00007ffb6f290000 - 0x00007ffb6f2b7000 	C:\Windows\SYSTEM32\WINMM.dll
0x00007ffb77aa0000 - 0x00007ffb77aaa000 	C:\Windows\SYSTEM32\VERSION.dll
0x00007ffb70b40000 - 0x00007ffb70b49000 	C:\Windows\SYSTEM32\WSOCK32.dll
0x00007ffb80a80000 - 0x00007ffb80aeb000 	C:\Windows\System32\ws2_32.DLL
0x00007ffb7d920000 - 0x00007ffb7d932000 	C:\Windows\SYSTEM32\kernel.appcore.dll
0x00007ffb6cb80000 - 0x00007ffb6cb91000 	C:\Users\Ermishov\Documents\android-studio\jre\bin\verify.dll
0x00007ffb785f0000 - 0x00007ffb787d4000 	C:\Windows\SYSTEM32\DBGHELP.DLL
0x00007ffb78a60000 - 0x00007ffb78a8c000 	C:\Windows\SYSTEM32\dbgcore.DLL
0x00007ffb7fb40000 - 0x00007ffb7fbc2000 	C:\Windows\System32\bcryptPrimitives.dll
0x00007ffb6bca0000 - 0x00007ffb6bcc9000 	C:\Users\Ermishov\Documents\android-studio\jre\bin\java.dll
0x00007ffb707b0000 - 0x00007ffb707bb000 	C:\Users\Ermishov\Documents\android-studio\jre\bin\jimage.dll
0x00007ffb6bc80000 - 0x00007ffb6bc98000 	C:\Users\Ermishov\Documents\android-studio\jre\bin\zip.dll
0x00007ffb80b10000 - 0x00007ffb81254000 	C:\Windows\System32\SHELL32.dll
0x00007ffb7db20000 - 0x00007ffb7e2b4000 	C:\Windows\SYSTEM32\windows.storage.dll
0x00007ffb81980000 - 0x00007ffb81cd4000 	C:\Windows\System32\combase.dll
0x00007ffb7f390000 - 0x00007ffb7f3bc000 	C:\Windows\SYSTEM32\Wldp.dll
0x00007ffb80760000 - 0x00007ffb8080d000 	C:\Windows\System32\SHCORE.dll
0x00007ffb81920000 - 0x00007ffb81975000 	C:\Windows\System32\shlwapi.dll
0x00007ffb7f940000 - 0x00007ffb7f95f000 	C:\Windows\SYSTEM32\profapi.dll
0x00007ffb6a100000 - 0x00007ffb6a11a000 	C:\Users\Ermishov\Documents\android-studio\jre\bin\net.dll
0x00007ffb79be0000 - 0x00007ffb79cea000 	C:\Windows\SYSTEM32\WINHTTP.dll
0x00007ffb7f0f0000 - 0x00007ffb7f15a000 	C:\Windows\system32\mswsock.dll
0x00007ffb6a080000 - 0x00007ffb6a094000 	C:\Users\Ermishov\Documents\android-studio\jre\bin\nio.dll
0x00007ffb6cb10000 - 0x00007ffb6cb37000 	C:\Users\Ermishov\.gradle\native\e1d6ef7f7dcc3fd88c89a11ec53ec762bb8ba0a96d01ffa2cd45eb1d1d8dd5c5\windows-amd64\native-platform.dll
0x00007ffb47c00000 - 0x00007ffb47d44000 	C:\Users\Ermishov\.gradle\native\0d407fdbe67a94daf76414ababcb853783967236a71b16ec16e742cd7a986fd3\windows-amd64\native-platform-file-events.dll
0x00007ffb6d130000 - 0x00007ffb6d13a000 	C:\Users\Ermishov\Documents\android-studio\jre\bin\management.dll
0x00007ffb6cc70000 - 0x00007ffb6cc7d000 	C:\Users\Ermishov\Documents\android-studio\jre\bin\management_ext.dll
0x00007ffb7f2e0000 - 0x00007ffb7f2f8000 	C:\Windows\SYSTEM32\CRYPTSP.dll
0x00007ffb7ea70000 - 0x00007ffb7eaa4000 	C:\Windows\system32\rsaenh.dll
0x00007ffb7fb10000 - 0x00007ffb7fb37000 	C:\Windows\System32\bcrypt.dll
0x00007ffb7f8c0000 - 0x00007ffb7f8ee000 	C:\Windows\SYSTEM32\USERENV.dll
0x00007ffb7f300000 - 0x00007ffb7f30c000 	C:\Windows\SYSTEM32\CRYPTBASE.dll
0x00007ffb7ede0000 - 0x00007ffb7ee1b000 	C:\Windows\SYSTEM32\IPHLPAPI.DLL
0x00007ffb81d90000 - 0x00007ffb81d98000 	C:\Windows\System32\NSI.dll
0x00007ffb7cae0000 - 0x00007ffb7caf7000 	C:\Windows\SYSTEM32\dhcpcsvc6.DLL
0x00007ffb7aef0000 - 0x00007ffb7af0d000 	C:\Windows\SYSTEM32\dhcpcsvc.DLL
0x00007ffb7ee70000 - 0x00007ffb7ef3b000 	C:\Windows\SYSTEM32\DNSAPI.dll

dbghelp: loaded successfully - version: 4.0.5 - missing functions: none
symbol engine: initialized successfully - sym options: 0x614 - pdb path: .;C:\Users\Ermishov\Documents\android-studio\jre\bin;C:\Windows\SYSTEM32;C:\Windows\WinSxS\amd64_microsoft.windows.common-controls_6595b64144ccf1df_6.0.19041.1110_none_60b5254171f9507e;C:\Users\Ermishov\Documents\android-studio\jre\bin\server;C:\Users\Ermishov\.gradle\native\e1d6ef7f7dcc3fd88c89a11ec53ec762bb8ba0a96d01ffa2cd45eb1d1d8dd5c5\windows-amd64;C:\Users\Ermishov\.gradle\native\0d407fdbe67a94daf76414ababcb853783967236a71b16ec16e742cd7a986fd3\windows-amd64

VM Arguments:
jvm_args: --add-opens=java.base/java.util=ALL-UNNAMED --add-opens=java.base/java.lang=ALL-UNNAMED --add-opens=java.base/java.lang.invoke=ALL-UNNAMED --add-opens=java.base/java.util=ALL-UNNAMED --add-opens=java.prefs/java.util.prefs=ALL-UNNAMED --add-opens=java.prefs/java.util.prefs=ALL-UNNAMED --add-opens=java.base/java.nio.charset=ALL-UNNAMED --add-opens=java.base/java.net=ALL-UNNAMED --add-opens=java.base/java.util.concurrent.atomic=ALL-UNNAMED -Xmx2048m -Dfile.encoding=UTF-8 -Duser.country=RU -Duser.language=ru -Duser.variant 
java_command: org.gradle.launcher.daemon.bootstrap.GradleDaemon 7.4
java_class_path (initial): C:\Users\Ermishov\.gradle\wrapper\dists\gradle-7.4-bin\c0gwcg53nkjbqw7r0h0umtfvt\gradle-7.4\lib\gradle-launcher-7.4.jar
Launcher Type: SUN_STANDARD

[Global flags]
     intx CICompilerCount                          = 3                                         {product} {ergonomic}
     uint ConcGCThreads                            = 1                                         {product} {ergonomic}
     uint G1ConcRefinementThreads                  = 4                                         {product} {ergonomic}
   size_t G1HeapRegionSize                         = 1048576                                   {product} {ergonomic}
    uintx GCDrainStackTargetSize                   = 64                                        {product} {ergonomic}
   size_t InitialHeapSize                          = 67108864                                  {product} {ergonomic}
   size_t MarkStackSize                            = 4194304                                   {product} {ergonomic}
   size_t MaxHeapSize                              = 2147483648                                {product} {command line}
   size_t MaxNewSize                               = 1287651328                                {product} {ergonomic}
   size_t MinHeapDeltaBytes                        = 1048576                                   {product} {ergonomic}
    uintx NonNMethodCodeHeapSize                   = 5830732                                {pd product} {ergonomic}
    uintx NonProfiledCodeHeapSize                  = 122913754                              {pd product} {ergonomic}
    uintx ProfiledCodeHeapSize                     = 122913754                              {pd product} {ergonomic}
    uintx ReservedCodeCacheSize                    = 251658240                              {pd product} {ergonomic}
     bool SegmentedCodeCache                       = true                                      {product} {ergonomic}
     bool UseCompressedClassPointers               = true                                 {lp64_product} {ergonomic}
     bool UseCompressedOops                        = true                                 {lp64_product} {ergonomic}
     bool UseG1GC                                  = true                                      {product} {ergonomic}
     bool UseLargePagesIndividualAllocation        = false                                  {pd product} {ergonomic}

Logging:
Log output configuration:
 #0: stdout all=warning uptime,level,tags
 #1: stderr all=off uptime,level,tags

Environment Variables:
PATH=C:\Windows\system32;C:\Windows;C:\Windows\System32\Wbem;C:\Windows\System32\WindowsPowerShell\v1.0\;C:\Windows\System32\OpenSSH\;C:\Users\Ermishov\Documents\apache-maven-3.8.4\bin;C:\Users\Ermishov\Documents\jdk-17.0.2\bin;C:\Users\Ermishov\Documents\allure-2.10.0\bin;C:\Users\Ermishov\AppData\Local\Microsoft\WindowsApps;C:\Users\Ermishov\AppData\Local\Programs\Git\cmd;C:\Users\Ermishov\.fly\bin
USERNAME=Ermishov
OS=Windows_NT
PROCESSOR_IDENTIFIER=Intel64 Family 6 Model 42 Stepping 7, GenuineIntel



---------------  S Y S T E M  ---------------

OS: Windows 10 , 64 bit Build 19041 (10.0.19041.1706)
OS uptime: 11 days 18:41 hours

CPU:total 4 (initial active 4) (4 cores per cpu, 1 threads per core) family 6 model 42 stepping 7 microcode 0x2f, cmov, cx8, fxsr, mmx, sse, sse2, sse3, ssse3, sse4.1, sse4.2, popcnt, avx, aes, clmul, tsc, tscinvbit

Memory: 4k page, system-wide physical 4007M (102M free)
TotalPageFile size 6951M (AvailPageFile size 0M)
current process WorkingSet (physical memory assigned to process): 91M, peak: 200M
current process commit charge ("private bytes"): 221M, peak: 238M

vm_info: OpenJDK 64-Bit Server VM (11.0.13+0-b1751.21-8125866) for windows-amd64 JRE (11.0.13+0-b1751.21-8125866), built on Feb  2 2022 03:00:22 by "builder" with MS VC++ 14.0 (VS2015)

END.
